<?xml version="1.0" encoding="UTF-8"?>
<testsuite name="de.gishmo.gwt.sema4g.test.SeMa4gSetUp" tests="18" skipped="0" failures="0" errors="0" timestamp="2017-05-22T17:27:16" hostname="El-Hoss-Mac-Pro.local" time="10.048">
  <properties/>
  <testcase name="testNoCommand" classname="de.gishmo.gwt.sema4g.test.SeMa4gSetUp" time="0.003"/>
  <testcase name="testOk01" classname="de.gishmo.gwt.sema4g.test.SeMa4gSetUp" time="2.512"/>
  <testcase name="testOk02" classname="de.gishmo.gwt.sema4g.test.SeMa4gSetUp" time="2.506"/>
  <testcase name="testNoFinalCommand" classname="de.gishmo.gwt.sema4g.test.SeMa4gSetUp" time="0.0"/>
  <testcase name="testNoCommands" classname="de.gishmo.gwt.sema4g.test.SeMa4gSetUp" time="0.0"/>
  <testcase name="testNoInitCommand" classname="de.gishmo.gwt.sema4g.test.SeMa4gSetUp" time="0.001"/>
  <testcase name="testCycleDependencies01" classname="de.gishmo.gwt.sema4g.test.SeMa4gSetUp" time="0.0"/>
  <testcase name="testCycleDependencies02" classname="de.gishmo.gwt.sema4g.test.SeMa4gSetUp" time="0.0"/>
  <testcase name="testCycleDependencies03" classname="de.gishmo.gwt.sema4g.test.SeMa4gSetUp" time="0.0"/>
  <testcase name="testNoCommand" classname="de.gishmo.gwt.sema4g.test.SeMa4gSetUp" time="0.0"/>
  <testcase name="testOk01" classname="de.gishmo.gwt.sema4g.test.SeMa4gSetUp" time="2.508"/>
  <testcase name="testOk02" classname="de.gishmo.gwt.sema4g.test.SeMa4gSetUp" time="2.508"/>
  <testcase name="testNoFinalCommand" classname="de.gishmo.gwt.sema4g.test.SeMa4gSetUp" time="0.0"/>
  <testcase name="testNoCommands" classname="de.gishmo.gwt.sema4g.test.SeMa4gSetUp" time="0.0"/>
  <testcase name="testNoInitCommand" classname="de.gishmo.gwt.sema4g.test.SeMa4gSetUp" time="0.0"/>
  <testcase name="testCycleDependencies01" classname="de.gishmo.gwt.sema4g.test.SeMa4gSetUp" time="0.0"/>
  <testcase name="testCycleDependencies02" classname="de.gishmo.gwt.sema4g.test.SeMa4gSetUp" time="0.0"/>
  <testcase name="testCycleDependencies03" classname="de.gishmo.gwt.sema4g.test.SeMa4gSetUp" time="0.0"/>
  <system-out><![CDATA[execute init command
execute final command - onSuccess
execute init command
execute final command - onSuccess
execute init command
execute final command - onSuccess
execute final command - onSuccess
execute init command
execute final command - onSuccess
execute init command
execute final command - onSuccess
execute init command
execute final command - onSuccess
execute final command - onSuccess
]]></system-out>
  <system-err><![CDATA[]]></system-err>
</testsuite>
